<?xml version="1.0" encoding="UTF-8"?>
<!-- Generated by org.testng.reporters.JUnitReportReporter -->
<testsuite hostname="shamss-MBP.lan1" failures="0" tests="4" name="com.testNG.TestNGFeature" time="0.010" errors="0" timestamp="28 Dec 2018 22:55:57 GMT" skipped="0">
  <testcase classname="com.testNG.TestNGFeature" name="RegPageTest" time="0.001"/>
  <testcase classname="com.testNG.TestNGFeature" name="loginTest" time="0.007"/>
  <testcase classname="com.testNG.TestNGFeature" name="HomePageTest" time="0.001"/>
  <testcase classname="com.testNG.TestNGFeature" name="SearchPageTest" time="0.001"/>
</testsuite> <!-- com.testNG.TestNGFeature -->
