<?xml version="1.0" encoding="UTF-8"?>
<!-- Generated by org.testng.reporters.JUnitReportReporter -->
<testsuite hostname="shamss-MBP.lan1" failures="0" tests="2" name="com.testNG.TestNGGoogleTitleTest" time="6.795" errors="0" timestamp="28 Dec 2018 22:55:57 GMT" skipped="0">
  <testcase classname="com.testNG.TestNGGoogleTitleTest" name="googleLogoTest" time="3.417"/>
  <testcase classname="com.testNG.TestNGGoogleTitleTest" name="googleTitleTest" time="3.378"/>
</testsuite> <!-- com.testNG.TestNGGoogleTitleTest -->
