<?xml version="1.0" encoding="UTF-8"?>
<!-- Generated by org.testng.reporters.JUnitReportReporter -->
<testsuite hostname="shamss-MBP.lan1" failures="0" tests="1" name="com.parameter.ParameterTest" time="3.411" errors="0" timestamp="29 Dec 2018 01:09:26 GMT" skipped="0">
  <testcase classname="com.parameter.ParameterTest" name="twitterLoginTest" time="3.411"/>
</testsuite> <!-- com.parameter.ParameterTest -->
