<?xml version="1.0" encoding="UTF-8"?>
<!-- Generated by org.testng.reporters.JUnitReportReporter -->
<testsuite hostname="shamss-MBP.lan1" failures="0" tests="2" name="seleniumPractice.TestNGGoogleTitleTest" time="6.567" errors="0" timestamp="28 Dec 2018 21:34:56 GMT" skipped="0">
  <testcase classname="seleniumPractice.TestNGGoogleTitleTest" name="googleLogoTest" time="3.162"/>
  <testcase classname="seleniumPractice.TestNGGoogleTitleTest" name="googleTitleTest" time="3.405"/>
</testsuite> <!-- seleniumPractice.TestNGGoogleTitleTest -->
