<?xml version="1.0" encoding="UTF-8"?>
<!-- Generated by org.testng.reporters.JUnitReportReporter -->
<testsuite hostname="shamss-MBP.lan1" failures="0" tests="9" name="testNGDataProvider.FreeCRMLogIn" time="36.436" errors="0" timestamp="30 Dec 2018 00:21:52 GMT" skipped="0">
  <testcase classname="testNGDataProvider.FreeCRMLogIn" name="loginTest" time="3.862"/>
  <testcase classname="testNGDataProvider.FreeCRMLogIn" name="loginTest" time="3.934"/>
  <testcase classname="testNGDataProvider.FreeCRMLogIn" name="loginTest" time="4.014"/>
  <testcase classname="testNGDataProvider.FreeCRMLogIn" name="loginTest" time="3.770"/>
  <testcase classname="testNGDataProvider.FreeCRMLogIn" name="loginTest" time="3.872"/>
  <testcase classname="testNGDataProvider.FreeCRMLogIn" name="loginTest" time="5.244"/>
  <testcase classname="testNGDataProvider.FreeCRMLogIn" name="loginTest" time="3.879"/>
  <testcase classname="testNGDataProvider.FreeCRMLogIn" name="loginTest" time="3.834"/>
  <testcase classname="testNGDataProvider.FreeCRMLogIn" name="loginTest" time="4.027"/>
</testsuite> <!-- testNGDataProvider.FreeCRMLogIn -->
